2021-09-06 20:47:32,480 [1] INFO Práctica_4_Lab.Program - Se está iniciando el programa
2021-09-06 20:47:32,555 [1] WARN Práctica_4_Lab.Program - Esto es una advertencia
2021-09-06 20:47:32,593 [1] DEBUG Práctica_4_Lab.Program - Esto es un mensaje de depuración
2021-09-06 20:47:32,597 [1] ERROR Práctica_4_Lab.Program - Esto es un error
2021-09-06 20:47:32,602 [1] FATAL Práctica_4_Lab.Program - Esto es un error critico
2021-09-06 20:48:52,247 [1] INFO Práctica_4_Lab.Program - Se está iniciando el programa
2021-09-06 20:48:52,323 [1] WARN Práctica_4_Lab.Program - Esto es una advertencia
2021-09-06 20:48:52,327 [1] DEBUG Práctica_4_Lab.Program - Esto es un mensaje de depuración
2021-09-06 20:48:52,332 [1] ERROR Práctica_4_Lab.Program - Esto es un error
2021-09-06 20:48:52,334 [1] FATAL Práctica_4_Lab.Program - Esto es un error critico
2021-09-06 20:50:14,853 [1] INFO Práctica_4_Lab.Program - Se está iniciando el programa
2021-09-06 20:50:14,903 [1] WARN Práctica_4_Lab.Program - Esto es una advertencia
2021-09-06 20:50:14,903 [1] DEBUG Práctica_4_Lab.Program - Esto es un mensaje de depuración
2021-09-06 20:50:14,904 [1] ERROR Práctica_4_Lab.Program - Esto es un error
2021-09-06 20:50:14,904 [1] FATAL Práctica_4_Lab.Program - Esto es un error critico
2021-09-06 20:52:54,205 [1] INFO Práctica_4_Lab.Program - Se está iniciando el programa
2021-09-06 20:52:54,254 [1] WARN Práctica_4_Lab.Program - Esto es una advertencia
2021-09-06 20:52:54,259 [1] DEBUG Práctica_4_Lab.Program - Esto es un mensaje de depuración
2021-09-06 20:52:54,261 [1] ERROR Práctica_4_Lab.Program - Esto es un error
2021-09-06 20:52:54,266 [1] FATAL Práctica_4_Lab.Program - Esto es un error critico
2021-09-06 20:54:28,858 [1] INFO Práctica_4_Lab.Program - Se está iniciando el programa
2021-09-06 20:54:28,897 [1] WARN Práctica_4_Lab.Program - Esto es una advertencia
2021-09-06 20:54:28,900 [1] DEBUG Práctica_4_Lab.Program - Esto es un mensaje de depuración
2021-09-06 20:54:28,900 [1] ERROR Práctica_4_Lab.Program - Esto es un error
2021-09-06 20:54:28,901 [1] FATAL Práctica_4_Lab.Program - Esto es un error critico
2021-09-08 18:49:42,678 [1] INFO Práctica_4_Lab.Program - Se está iniciando el programa
2021-09-08 18:49:42,721 [1] WARN Práctica_4_Lab.Program - Esto es una advertencia
2021-09-08 18:49:42,722 [1] DEBUG Práctica_4_Lab.Program - Esto es un mensaje de depuración
2021-09-08 18:49:42,722 [1] ERROR Práctica_4_Lab.Program - Esto es un error
2021-09-08 18:49:42,723 [1] FATAL Práctica_4_Lab.Program - Esto es un error critico
2021-09-08 18:52:22,796 [1] INFO Práctica_4_Lab.Program - Se está iniciando el programa
2021-09-08 18:52:22,999 [1] WARN Práctica_4_Lab.Program - Esto es una advertencia
2021-09-08 18:52:23,096 [1] DEBUG Práctica_4_Lab.Program - Esto es un mensaje de depuración
2021-09-08 18:52:23,242 [1] ERROR Práctica_4_Lab.Program - Esto es un error
2021-09-08 18:52:23,284 [1] FATAL Práctica_4_Lab.Program - Esto es un error critico
2021-09-08 19:43:44,802 [1] INFO Práctica_4_Lab.Program - Se está iniciando el programa
2021-09-08 19:43:44,825 [1] WARN Práctica_4_Lab.Program - Esto es una advertencia
2021-09-08 19:43:44,825 [1] DEBUG Práctica_4_Lab.Program - Esto es un mensaje de depuración
2021-09-08 19:43:44,826 [1] ERROR Práctica_4_Lab.Program - Esto es un error
2021-09-08 19:43:44,826 [1] FATAL Práctica_4_Lab.Program - Esto es un error critico
2021-09-08 19:46:07,666 [1] INFO Práctica_4_Lab.Program - Se está iniciando el programa
2021-09-08 19:46:07,689 [1] WARN Práctica_4_Lab.Program - Esto es una advertencia
2021-09-08 19:46:07,694 [1] DEBUG Práctica_4_Lab.Program - Esto es un mensaje de depuración
2021-09-08 19:46:07,714 [1] ERROR Práctica_4_Lab.Program - Esto es un error
2021-09-08 19:46:07,722 [1] FATAL Práctica_4_Lab.Program - Esto es un error critico
